-------------------------------------------------------------------------------
Test set: ru.javaprak.dao.VacancyDaoTest
-------------------------------------------------------------------------------
Tests run: 4, Failures: 0, Errors: 4, Skipped: 0, Time elapsed: 0.106 s <<< FAILURE! -- in ru.javaprak.dao.VacancyDaoTest
ru.javaprak.dao.VacancyDaoTest.findMatchingForResumeReturnsEmptyForInactiveOrMissingResume -- Time elapsed: 0.024 s <<< ERROR!
java.lang.IllegalArgumentException: Unable to locate persister: ru.javaprak.entity.EducationLevel
	at org.hibernate.internal.SessionImpl.firePersist(SessionImpl.java:760)
	at org.hibernate.internal.SessionImpl.persist(SessionImpl.java:741)
	at ru.javaprak.dao.DaoTestSupport.seedData(DaoTestSupport.java:39)
	at ru.javaprak.dao.DaoTestSupport.initSessionFactory(DaoTestSupport.java:24)
	at ru.javaprak.dao.VacancyDaoTest.setUp(VacancyDaoTest.java:19)
	at java.base/java.lang.reflect.Method.invoke(Method.java:565)
	at java.base/java.util.ArrayList.forEach(ArrayList.java:1604)
	at java.base/java.util.ArrayList.forEach(ArrayList.java:1604)
Caused by: org.hibernate.UnknownEntityTypeException: Unable to locate persister: ru.javaprak.entity.EducationLevel
	at org.hibernate.metamodel.model.domain.internal.MappingMetamodelImpl.getEntityDescriptor(MappingMetamodelImpl.java:394)
	at org.hibernate.internal.SessionImpl.getEntityPersister(SessionImpl.java:1508)
	at org.hibernate.engine.internal.ForeignKeys.isTransient(ForeignKeys.java:292)
	at org.hibernate.event.internal.EntityState.getEntityState(EntityState.java:62)
	at org.hibernate.event.internal.DefaultPersistEventListener.entityState(DefaultPersistEventListener.java:112)
	at org.hibernate.event.internal.DefaultPersistEventListener.persist(DefaultPersistEventListener.java:85)
	at org.hibernate.event.internal.DefaultPersistEventListener.onPersist(DefaultPersistEventListener.java:77)
	at org.hibernate.event.internal.DefaultPersistEventListener.onPersist(DefaultPersistEventListener.java:54)
	at org.hibernate.event.service.internal.EventListenerGroupImpl.fireEventOnEachListener(EventListenerGroupImpl.java:127)
	at org.hibernate.internal.SessionImpl.firePersist(SessionImpl.java:757)
	... 7 more

ru.javaprak.dao.VacancyDaoTest.findByMinSalaryAndPositionReturnsAllWhenFiltersAreNull -- Time elapsed: 0.023 s <<< ERROR!
java.lang.IllegalArgumentException: Unable to locate persister: ru.javaprak.entity.EducationLevel
	at org.hibernate.internal.SessionImpl.firePersist(SessionImpl.java:760)
	at org.hibernate.internal.SessionImpl.persist(SessionImpl.java:741)
	at ru.javaprak.dao.DaoTestSupport.seedData(DaoTestSupport.java:39)
	at ru.javaprak.dao.DaoTestSupport.initSessionFactory(DaoTestSupport.java:24)
	at ru.javaprak.dao.VacancyDaoTest.setUp(VacancyDaoTest.java:19)
	at java.base/java.lang.reflect.Method.invoke(Method.java:565)
	at java.base/java.util.ArrayList.forEach(ArrayList.java:1604)
	at java.base/java.util.ArrayList.forEach(ArrayList.java:1604)
Caused by: org.hibernate.UnknownEntityTypeException: Unable to locate persister: ru.javaprak.entity.EducationLevel
	at org.hibernate.metamodel.model.domain.internal.MappingMetamodelImpl.getEntityDescriptor(MappingMetamodelImpl.java:394)
	at org.hibernate.internal.SessionImpl.getEntityPersister(SessionImpl.java:1508)
	at org.hibernate.engine.internal.ForeignKeys.isTransient(ForeignKeys.java:292)
	at org.hibernate.event.internal.EntityState.getEntityState(EntityState.java:62)
	at org.hibernate.event.internal.DefaultPersistEventListener.entityState(DefaultPersistEventListener.java:112)
	at org.hibernate.event.internal.DefaultPersistEventListener.persist(DefaultPersistEventListener.java:85)
	at org.hibernate.event.internal.DefaultPersistEventListener.onPersist(DefaultPersistEventListener.java:77)
	at org.hibernate.event.internal.DefaultPersistEventListener.onPersist(DefaultPersistEventListener.java:54)
	at org.hibernate.event.service.internal.EventListenerGroupImpl.fireEventOnEachListener(EventListenerGroupImpl.java:127)
	at org.hibernate.internal.SessionImpl.firePersist(SessionImpl.java:757)
	... 7 more

ru.javaprak.dao.VacancyDaoTest.findByMinSalaryAndPositionUsesBothFilters -- Time elapsed: 0.031 s <<< ERROR!
java.lang.IllegalArgumentException: Unable to locate persister: ru.javaprak.entity.EducationLevel
	at org.hibernate.internal.SessionImpl.firePersist(SessionImpl.java:760)
	at org.hibernate.internal.SessionImpl.persist(SessionImpl.java:741)
	at ru.javaprak.dao.DaoTestSupport.seedData(DaoTestSupport.java:39)
	at ru.javaprak.dao.DaoTestSupport.initSessionFactory(DaoTestSupport.java:24)
	at ru.javaprak.dao.VacancyDaoTest.setUp(VacancyDaoTest.java:19)
	at java.base/java.lang.reflect.Method.invoke(Method.java:565)
	at java.base/java.util.ArrayList.forEach(ArrayList.java:1604)
	at java.base/java.util.ArrayList.forEach(ArrayList.java:1604)
Caused by: org.hibernate.UnknownEntityTypeException: Unable to locate persister: ru.javaprak.entity.EducationLevel
	at org.hibernate.metamodel.model.domain.internal.MappingMetamodelImpl.getEntityDescriptor(MappingMetamodelImpl.java:394)
	at org.hibernate.internal.SessionImpl.getEntityPersister(SessionImpl.java:1508)
	at org.hibernate.engine.internal.ForeignKeys.isTransient(ForeignKeys.java:292)
	at org.hibernate.event.internal.EntityState.getEntityState(EntityState.java:62)
	at org.hibernate.event.internal.DefaultPersistEventListener.entityState(DefaultPersistEventListener.java:112)
	at org.hibernate.event.internal.DefaultPersistEventListener.persist(DefaultPersistEventListener.java:85)
	at org.hibernate.event.internal.DefaultPersistEventListener.onPersist(DefaultPersistEventListener.java:77)
	at org.hibernate.event.internal.DefaultPersistEventListener.onPersist(DefaultPersistEventListener.java:54)
	at org.hibernate.event.service.internal.EventListenerGroupImpl.fireEventOnEachListener(EventListenerGroupImpl.java:127)
	at org.hibernate.internal.SessionImpl.firePersist(SessionImpl.java:757)
	... 7 more

ru.javaprak.dao.VacancyDaoTest.findMatchingForResumeReturnsVacanciesForActiveResume -- Time elapsed: 0.025 s <<< ERROR!
java.lang.IllegalArgumentException: Unable to locate persister: ru.javaprak.entity.EducationLevel
	at org.hibernate.internal.SessionImpl.firePersist(SessionImpl.java:760)
	at org.hibernate.internal.SessionImpl.persist(SessionImpl.java:741)
	at ru.javaprak.dao.DaoTestSupport.seedData(DaoTestSupport.java:39)
	at ru.javaprak.dao.DaoTestSupport.initSessionFactory(DaoTestSupport.java:24)
	at ru.javaprak.dao.VacancyDaoTest.setUp(VacancyDaoTest.java:19)
	at java.base/java.lang.reflect.Method.invoke(Method.java:565)
	at java.base/java.util.ArrayList.forEach(ArrayList.java:1604)
	at java.base/java.util.ArrayList.forEach(ArrayList.java:1604)
Caused by: org.hibernate.UnknownEntityTypeException: Unable to locate persister: ru.javaprak.entity.EducationLevel
	at org.hibernate.metamodel.model.domain.internal.MappingMetamodelImpl.getEntityDescriptor(MappingMetamodelImpl.java:394)
	at org.hibernate.internal.SessionImpl.getEntityPersister(SessionImpl.java:1508)
	at org.hibernate.engine.internal.ForeignKeys.isTransient(ForeignKeys.java:292)
	at org.hibernate.event.internal.EntityState.getEntityState(EntityState.java:62)
	at org.hibernate.event.internal.DefaultPersistEventListener.entityState(DefaultPersistEventListener.java:112)
	at org.hibernate.event.internal.DefaultPersistEventListener.persist(DefaultPersistEventListener.java:85)
	at org.hibernate.event.internal.DefaultPersistEventListener.onPersist(DefaultPersistEventListener.java:77)
	at org.hibernate.event.internal.DefaultPersistEventListener.onPersist(DefaultPersistEventListener.java:54)
	at org.hibernate.event.service.internal.EventListenerGroupImpl.fireEventOnEachListener(EventListenerGroupImpl.java:127)
	at org.hibernate.internal.SessionImpl.firePersist(SessionImpl.java:757)
	... 7 more

