-------------------------------------------------------------------------------
Test set: ru.javaprak.dao.ApplicantDaoTest
-------------------------------------------------------------------------------
Tests run: 3, Failures: 0, Errors: 3, Skipped: 0, Time elapsed: 0.793 s <<< FAILURE! -- in ru.javaprak.dao.ApplicantDaoTest
ru.javaprak.dao.ApplicantDaoTest.findByStatusReturnsCorrectBranches -- Time elapsed: 0.707 s <<< ERROR!
java.lang.IllegalArgumentException: Unable to locate persister: ru.javaprak.entity.EducationLevel
	at org.hibernate.internal.SessionImpl.firePersist(SessionImpl.java:760)
	at org.hibernate.internal.SessionImpl.persist(SessionImpl.java:741)
	at ru.javaprak.dao.DaoTestSupport.seedData(DaoTestSupport.java:39)
	at ru.javaprak.dao.DaoTestSupport.initSessionFactory(DaoTestSupport.java:24)
	at ru.javaprak.dao.ApplicantDaoTest.setUp(ApplicantDaoTest.java:13)
	at java.base/java.lang.reflect.Method.invoke(Method.java:565)
	at java.base/java.util.ArrayList.forEach(ArrayList.java:1604)
	at java.base/java.util.ArrayList.forEach(ArrayList.java:1604)
Caused by: org.hibernate.UnknownEntityTypeException: Unable to locate persister: ru.javaprak.entity.EducationLevel
	at org.hibernate.metamodel.model.domain.internal.MappingMetamodelImpl.getEntityDescriptor(MappingMetamodelImpl.java:394)
	at org.hibernate.internal.SessionImpl.getEntityPersister(SessionImpl.java:1508)
	at org.hibernate.engine.internal.ForeignKeys.isTransient(ForeignKeys.java:292)
	at org.hibernate.event.internal.EntityState.getEntityState(EntityState.java:62)
	at org.hibernate.event.internal.DefaultPersistEventListener.entityState(DefaultPersistEventListener.java:112)
	at org.hibernate.event.internal.DefaultPersistEventListener.persist(DefaultPersistEventListener.java:85)
	at org.hibernate.event.internal.DefaultPersistEventListener.onPersist(DefaultPersistEventListener.java:77)
	at org.hibernate.event.internal.DefaultPersistEventListener.onPersist(DefaultPersistEventListener.java:54)
	at org.hibernate.event.service.internal.EventListenerGroupImpl.fireEventOnEachListener(EventListenerGroupImpl.java:127)
	at org.hibernate.internal.SessionImpl.firePersist(SessionImpl.java:757)
	... 7 more

ru.javaprak.dao.ApplicantDaoTest.findByIdReturnsApplicantWhenExists -- Time elapsed: 0.036 s <<< ERROR!
java.lang.IllegalArgumentException: Unable to locate persister: ru.javaprak.entity.EducationLevel
	at org.hibernate.internal.SessionImpl.firePersist(SessionImpl.java:760)
	at org.hibernate.internal.SessionImpl.persist(SessionImpl.java:741)
	at ru.javaprak.dao.DaoTestSupport.seedData(DaoTestSupport.java:39)
	at ru.javaprak.dao.DaoTestSupport.initSessionFactory(DaoTestSupport.java:24)
	at ru.javaprak.dao.ApplicantDaoTest.setUp(ApplicantDaoTest.java:13)
	at java.base/java.lang.reflect.Method.invoke(Method.java:565)
	at java.base/java.util.ArrayList.forEach(ArrayList.java:1604)
	at java.base/java.util.ArrayList.forEach(ArrayList.java:1604)
Caused by: org.hibernate.UnknownEntityTypeException: Unable to locate persister: ru.javaprak.entity.EducationLevel
	at org.hibernate.metamodel.model.domain.internal.MappingMetamodelImpl.getEntityDescriptor(MappingMetamodelImpl.java:394)
	at org.hibernate.internal.SessionImpl.getEntityPersister(SessionImpl.java:1508)
	at org.hibernate.engine.internal.ForeignKeys.isTransient(ForeignKeys.java:292)
	at org.hibernate.event.internal.EntityState.getEntityState(EntityState.java:62)
	at org.hibernate.event.internal.DefaultPersistEventListener.entityState(DefaultPersistEventListener.java:112)
	at org.hibernate.event.internal.DefaultPersistEventListener.persist(DefaultPersistEventListener.java:85)
	at org.hibernate.event.internal.DefaultPersistEventListener.onPersist(DefaultPersistEventListener.java:77)
	at org.hibernate.event.internal.DefaultPersistEventListener.onPersist(DefaultPersistEventListener.java:54)
	at org.hibernate.event.service.internal.EventListenerGroupImpl.fireEventOnEachListener(EventListenerGroupImpl.java:127)
	at org.hibernate.internal.SessionImpl.firePersist(SessionImpl.java:757)
	... 7 more

ru.javaprak.dao.ApplicantDaoTest.findByIdReturnsEmptyWhenNotExists -- Time elapsed: 0.036 s <<< ERROR!
java.lang.IllegalArgumentException: Unable to locate persister: ru.javaprak.entity.EducationLevel
	at org.hibernate.internal.SessionImpl.firePersist(SessionImpl.java:760)
	at org.hibernate.internal.SessionImpl.persist(SessionImpl.java:741)
	at ru.javaprak.dao.DaoTestSupport.seedData(DaoTestSupport.java:39)
	at ru.javaprak.dao.DaoTestSupport.initSessionFactory(DaoTestSupport.java:24)
	at ru.javaprak.dao.ApplicantDaoTest.setUp(ApplicantDaoTest.java:13)
	at java.base/java.lang.reflect.Method.invoke(Method.java:565)
	at java.base/java.util.ArrayList.forEach(ArrayList.java:1604)
	at java.base/java.util.ArrayList.forEach(ArrayList.java:1604)
Caused by: org.hibernate.UnknownEntityTypeException: Unable to locate persister: ru.javaprak.entity.EducationLevel
	at org.hibernate.metamodel.model.domain.internal.MappingMetamodelImpl.getEntityDescriptor(MappingMetamodelImpl.java:394)
	at org.hibernate.internal.SessionImpl.getEntityPersister(SessionImpl.java:1508)
	at org.hibernate.engine.internal.ForeignKeys.isTransient(ForeignKeys.java:292)
	at org.hibernate.event.internal.EntityState.getEntityState(EntityState.java:62)
	at org.hibernate.event.internal.DefaultPersistEventListener.entityState(DefaultPersistEventListener.java:112)
	at org.hibernate.event.internal.DefaultPersistEventListener.persist(DefaultPersistEventListener.java:85)
	at org.hibernate.event.internal.DefaultPersistEventListener.onPersist(DefaultPersistEventListener.java:77)
	at org.hibernate.event.internal.DefaultPersistEventListener.onPersist(DefaultPersistEventListener.java:54)
	at org.hibernate.event.service.internal.EventListenerGroupImpl.fireEventOnEachListener(EventListenerGroupImpl.java:127)
	at org.hibernate.internal.SessionImpl.firePersist(SessionImpl.java:757)
	... 7 more

