<?xml version="1.0" encoding="UTF-8"?>
<testsuite xmlns:xsi="http://www.w3.org/2001/XMLSchema-instance" xsi:noNamespaceSchemaLocation="https://maven.apache.org/surefire/maven-surefire-plugin/xsd/surefire-test-report.xsd" version="3.0.2" name="ru.javaprak.dao.ApplicantDaoTest" time="0.793" tests="3" errors="3" skipped="0" failures="0">
  <properties>
[...]
</properties>
  <testcase name="findByStatusReturnsCorrectBranches" classname="ru.javaprak.dao.ApplicantDaoTest" time="0.707">
    <error message="Unable to locate persister: ru.javaprak.entity.EducationLevel" type="java.lang.IllegalArgumentException"><![CDATA[java.lang.IllegalArgumentException: Unable to locate persister: ru.javaprak.entity.EducationLevel
	at org.hibernate.internal.SessionImpl.firePersist(SessionImpl.java:760)
	at org.hibernate.internal.SessionImpl.persist(SessionImpl.java:741)
	at ru.javaprak.dao.DaoTestSupport.seedData(DaoTestSupport.java:39)
	at ru.javaprak.dao.DaoTestSupport.initSessionFactory(DaoTestSupport.java:24)
	at ru.javaprak.dao.ApplicantDaoTest.setUp(ApplicantDaoTest.java:13)
	at java.base/java.lang.reflect.Method.invoke(Method.java:565)
	at java.base/java.util.ArrayList.forEach(ArrayList.java:1604)
	at java.base/java.util.ArrayList.forEach(ArrayList.java:1604)
Caused by: org.hibernate.UnknownEntityTypeException: Unable to locate persister: ru.javaprak.entity.EducationLevel
	at org.hibernate.metamodel.model.domain.internal.MappingMetamodelImpl.getEntityDescriptor(MappingMetamodelImpl.java:394)
	at org.hibernate.internal.SessionImpl.getEntityPersister(SessionImpl.java:1508)
	at org.hibernate.engine.internal.ForeignKeys.isTransient(ForeignKeys.java:292)
	at org.hibernate.event.internal.EntityState.getEntityState(EntityState.java:62)
	at org.hibernate.event.internal.DefaultPersistEventListener.entityState(DefaultPersistEventListener.java:112)
	at org.hibernate.event.internal.DefaultPersistEventListener.persist(DefaultPersistEventListener.java:85)
	at org.hibernate.event.internal.DefaultPersistEventListener.onPersist(DefaultPersistEventListener.java:77)
	at org.hibernate.event.internal.DefaultPersistEventListener.onPersist(DefaultPersistEventListener.java:54)
	at org.hibernate.event.service.internal.EventListenerGroupImpl.fireEventOnEachListener(EventListenerGroupImpl.java:127)
	at org.hibernate.internal.SessionImpl.firePersist(SessionImpl.java:757)
	... 7 more
]]></error>
    <system-err><![CDATA[мар. 24, 2026 10:13:54 PM org.hibernate.Version logVersion
INFO: HHH000412: Hibernate ORM core version 6.5.2.Final
мар. 24, 2026 10:13:54 PM org.hibernate.cache.internal.RegionFactoryInitiator initiateService
INFO: HHH000026: Second-level cache disabled
мар. 24, 2026 10:13:54 PM org.hibernate.engine.jdbc.connections.internal.DriverManagerConnectionProviderImpl configure
WARN: HHH10001002: Using built-in connection pool (not intended for production use)
мар. 24, 2026 10:13:54 PM org.hibernate.engine.jdbc.connections.internal.DriverManagerConnectionProviderImpl buildCreator
INFO: HHH10001005: Loaded JDBC driver class: org.h2.Driver
мар. 24, 2026 10:13:54 PM org.hibernate.engine.jdbc.connections.internal.DriverManagerConnectionProviderImpl buildCreator
INFO: HHH10001012: Connecting with JDBC URL [jdbc:h2:mem:javaprak;MODE=PostgreSQL;DATABASE_TO_LOWER=FALSE;CASE_INSENSITIVE_IDENTIFIERS=FALSE;DB_CLOSE_DELAY=-1]
мар. 24, 2026 10:13:54 PM org.hibernate.engine.jdbc.connections.internal.DriverManagerConnectionProviderImpl buildCreator
INFO: HHH10001001: Connection properties: {user=sa, password=****}
мар. 24, 2026 10:13:54 PM org.hibernate.engine.jdbc.connections.internal.DriverManagerConnectionProviderImpl buildCreator
INFO: HHH10001003: Autocommit mode: false
мар. 24, 2026 10:13:54 PM org.hibernate.engine.jdbc.connections.internal.DriverManagerConnectionProviderImpl$PooledConnections <init>
INFO: HHH10001115: Connection pool size: 20 (min=1)
мар. 24, 2026 10:13:54 PM org.hibernate.engine.jdbc.dialect.internal.DialectFactoryImpl constructDialect
WARN: HHH90000025: H2Dialect does not need to be specified explicitly using 'hibernate.dialect' (remove the property setting and it will be selected by default)
мар. 24, 2026 10:13:54 PM org.hibernate.engine.transaction.jta.platform.internal.JtaPlatformInitiator initiateService
INFO: HHH000489: No JTA platform available (set 'hibernate.transaction.jta.platform' to enable JTA platform integration)
мар. 24, 2026 10:13:54 PM org.hibernate.engine.jdbc.connections.internal.DriverManagerConnectionProviderImpl$PoolState stop
INFO: HHH10001008: Cleaning up connection pool [jdbc:h2:mem:javaprak;MODE=PostgreSQL;DATABASE_TO_LOWER=FALSE;CASE_INSENSITIVE_IDENTIFIERS=FALSE;DB_CLOSE_DELAY=-1]
]]></system-err>
  </testcase>
  <testcase name="findByIdReturnsApplicantWhenExists" classname="ru.javaprak.dao.ApplicantDaoTest" time="0.036">
    <error message="Unable to locate persister: ru.javaprak.entity.EducationLevel" type="java.lang.IllegalArgumentException"><![CDATA[java.lang.IllegalArgumentException: Unable to locate persister: ru.javaprak.entity.EducationLevel
	at org.hibernate.internal.SessionImpl.firePersist(SessionImpl.java:760)
	at org.hibernate.internal.SessionImpl.persist(SessionImpl.java:741)
	at ru.javaprak.dao.DaoTestSupport.seedData(DaoTestSupport.java:39)
	at ru.javaprak.dao.DaoTestSupport.initSessionFactory(DaoTestSupport.java:24)
	at ru.javaprak.dao.ApplicantDaoTest.setUp(ApplicantDaoTest.java:13)
	at java.base/java.lang.reflect.Method.invoke(Method.java:565)
	at java.base/java.util.ArrayList.forEach(ArrayList.java:1604)
	at java.base/java.util.ArrayList.forEach(ArrayList.java:1604)
Caused by: org.hibernate.UnknownEntityTypeException: Unable to locate persister: ru.javaprak.entity.EducationLevel
	at org.hibernate.metamodel.model.domain.internal.MappingMetamodelImpl.getEntityDescriptor(MappingMetamodelImpl.java:394)
	at org.hibernate.internal.SessionImpl.getEntityPersister(SessionImpl.java:1508)
	at org.hibernate.engine.internal.ForeignKeys.isTransient(ForeignKeys.java:292)
	at org.hibernate.event.internal.EntityState.getEntityState(EntityState.java:62)
	at org.hibernate.event.internal.DefaultPersistEventListener.entityState(DefaultPersistEventListener.java:112)
	at org.hibernate.event.internal.DefaultPersistEventListener.persist(DefaultPersistEventListener.java:85)
	at org.hibernate.event.internal.DefaultPersistEventListener.onPersist(DefaultPersistEventListener.java:77)
	at org.hibernate.event.internal.DefaultPersistEventListener.onPersist(DefaultPersistEventListener.java:54)
	at org.hibernate.event.service.internal.EventListenerGroupImpl.fireEventOnEachListener(EventListenerGroupImpl.java:127)
	at org.hibernate.internal.SessionImpl.firePersist(SessionImpl.java:757)
	... 7 more
]]></error>
    <system-err><![CDATA[мар. 24, 2026 10:13:54 PM org.hibernate.cache.internal.RegionFactoryInitiator initiateService
INFO: HHH000026: Second-level cache disabled
мар. 24, 2026 10:13:54 PM org.hibernate.engine.jdbc.connections.internal.DriverManagerConnectionProviderImpl configure
WARN: HHH10001002: Using built-in connection pool (not intended for production use)
мар. 24, 2026 10:13:54 PM org.hibernate.engine.jdbc.connections.internal.DriverManagerConnectionProviderImpl buildCreator
INFO: HHH10001005: Loaded JDBC driver class: org.h2.Driver
мар. 24, 2026 10:13:54 PM org.hibernate.engine.jdbc.connections.internal.DriverManagerConnectionProviderImpl buildCreator
INFO: HHH10001012: Connecting with JDBC URL [jdbc:h2:mem:javaprak;MODE=PostgreSQL;DATABASE_TO_LOWER=FALSE;CASE_INSENSITIVE_IDENTIFIERS=FALSE;DB_CLOSE_DELAY=-1]
мар. 24, 2026 10:13:54 PM org.hibernate.engine.jdbc.connections.internal.DriverManagerConnectionProviderImpl buildCreator
INFO: HHH10001001: Connection properties: {user=sa, password=****}
мар. 24, 2026 10:13:54 PM org.hibernate.engine.jdbc.connections.internal.DriverManagerConnectionProviderImpl buildCreator
INFO: HHH10001003: Autocommit mode: false
мар. 24, 2026 10:13:54 PM org.hibernate.engine.jdbc.connections.internal.DriverManagerConnectionProviderImpl$PooledConnections <init>
INFO: HHH10001115: Connection pool size: 20 (min=1)
мар. 24, 2026 10:13:54 PM org.hibernate.engine.jdbc.dialect.internal.DialectFactoryImpl constructDialect
WARN: HHH90000025: H2Dialect does not need to be specified explicitly using 'hibernate.dialect' (remove the property setting and it will be selected by default)
мар. 24, 2026 10:13:54 PM org.hibernate.engine.transaction.jta.platform.internal.JtaPlatformInitiator initiateService
INFO: HHH000489: No JTA platform available (set 'hibernate.transaction.jta.platform' to enable JTA platform integration)
мар. 24, 2026 10:13:54 PM org.hibernate.engine.jdbc.connections.internal.DriverManagerConnectionProviderImpl$PoolState stop
INFO: HHH10001008: Cleaning up connection pool [jdbc:h2:mem:javaprak;MODE=PostgreSQL;DATABASE_TO_LOWER=FALSE;CASE_INSENSITIVE_IDENTIFIERS=FALSE;DB_CLOSE_DELAY=-1]
]]></system-err>
  </testcase>
  <testcase name="findByIdReturnsEmptyWhenNotExists" classname="ru.javaprak.dao.ApplicantDaoTest" time="0.036">
    <error message="Unable to locate persister: ru.javaprak.entity.EducationLevel" type="java.lang.IllegalArgumentException"><![CDATA[java.lang.IllegalArgumentException: Unable to locate persister: ru.javaprak.entity.EducationLevel
	at org.hibernate.internal.SessionImpl.firePersist(SessionImpl.java:760)
	at org.hibernate.internal.SessionImpl.persist(SessionImpl.java:741)
	at ru.javaprak.dao.DaoTestSupport.seedData(DaoTestSupport.java:39)
	at ru.javaprak.dao.DaoTestSupport.initSessionFactory(DaoTestSupport.java:24)
	at ru.javaprak.dao.ApplicantDaoTest.setUp(ApplicantDaoTest.java:13)
	at java.base/java.lang.reflect.Method.invoke(Method.java:565)
	at java.base/java.util.ArrayList.forEach(ArrayList.java:1604)
	at java.base/java.util.ArrayList.forEach(ArrayList.java:1604)
Caused by: org.hibernate.UnknownEntityTypeException: Unable to locate persister: ru.javaprak.entity.EducationLevel
	at org.hibernate.metamodel.model.domain.internal.MappingMetamodelImpl.getEntityDescriptor(MappingMetamodelImpl.java:394)
	at org.hibernate.internal.SessionImpl.getEntityPersister(SessionImpl.java:1508)
	at org.hibernate.engine.internal.ForeignKeys.isTransient(ForeignKeys.java:292)
	at org.hibernate.event.internal.EntityState.getEntityState(EntityState.java:62)
	at org.hibernate.event.internal.DefaultPersistEventListener.entityState(DefaultPersistEventListener.java:112)
	at org.hibernate.event.internal.DefaultPersistEventListener.persist(DefaultPersistEventListener.java:85)
	at org.hibernate.event.internal.DefaultPersistEventListener.onPersist(DefaultPersistEventListener.java:77)
	at org.hibernate.event.internal.DefaultPersistEventListener.onPersist(DefaultPersistEventListener.java:54)
	at org.hibernate.event.service.internal.EventListenerGroupImpl.fireEventOnEachListener(EventListenerGroupImpl.java:127)
	at org.hibernate.internal.SessionImpl.firePersist(SessionImpl.java:757)
	... 7 more
]]></error>
    <system-err><![CDATA[мар. 24, 2026 10:13:54 PM org.hibernate.cache.internal.RegionFactoryInitiator initiateService
INFO: HHH000026: Second-level cache disabled
мар. 24, 2026 10:13:54 PM org.hibernate.engine.jdbc.connections.internal.DriverManagerConnectionProviderImpl configure
WARN: HHH10001002: Using built-in connection pool (not intended for production use)
мар. 24, 2026 10:13:54 PM org.hibernate.engine.jdbc.connections.internal.DriverManagerConnectionProviderImpl buildCreator
INFO: HHH10001005: Loaded JDBC driver class: org.h2.Driver
мар. 24, 2026 10:13:54 PM org.hibernate.engine.jdbc.connections.internal.DriverManagerConnectionProviderImpl buildCreator
INFO: HHH10001012: Connecting with JDBC URL [jdbc:h2:mem:javaprak;MODE=PostgreSQL;DATABASE_TO_LOWER=FALSE;CASE_INSENSITIVE_IDENTIFIERS=FALSE;DB_CLOSE_DELAY=-1]
мар. 24, 2026 10:13:54 PM org.hibernate.engine.jdbc.connections.internal.DriverManagerConnectionProviderImpl buildCreator
INFO: HHH10001001: Connection properties: {user=sa, password=****}
мар. 24, 2026 10:13:54 PM org.hibernate.engine.jdbc.connections.internal.DriverManagerConnectionProviderImpl buildCreator
INFO: HHH10001003: Autocommit mode: false
мар. 24, 2026 10:13:54 PM org.hibernate.engine.jdbc.connections.internal.DriverManagerConnectionProviderImpl$PooledConnections <init>
INFO: HHH10001115: Connection pool size: 20 (min=1)
мар. 24, 2026 10:13:54 PM org.hibernate.engine.jdbc.dialect.internal.DialectFactoryImpl constructDialect
WARN: HHH90000025: H2Dialect does not need to be specified explicitly using 'hibernate.dialect' (remove the property setting and it will be selected by default)
мар. 24, 2026 10:13:54 PM org.hibernate.engine.transaction.jta.platform.internal.JtaPlatformInitiator initiateService
INFO: HHH000489: No JTA platform available (set 'hibernate.transaction.jta.platform' to enable JTA platform integration)
мар. 24, 2026 10:13:54 PM org.hibernate.engine.jdbc.connections.internal.DriverManagerConnectionProviderImpl$PoolState stop
INFO: HHH10001008: Cleaning up connection pool [jdbc:h2:mem:javaprak;MODE=PostgreSQL;DATABASE_TO_LOWER=FALSE;CASE_INSENSITIVE_IDENTIFIERS=FALSE;DB_CLOSE_DELAY=-1]
]]></system-err>
  </testcase>
</testsuite>